0 info it worked if it ends with ok
1 verbose cli [ '/Users/rwholey/.nvm/versions/node/v4.4.3/bin/node',
1 verbose cli   '/Users/rwholey/.nvm/versions/node/v4.4.3/bin/npm',
1 verbose cli   'install',
1 verbose cli   'https://git@github.com/X1011/git-directory-deploy.git',
1 verbose cli   '--save-dev' ]
2 info using npm@2.15.1
3 info using node@v4.4.3
4 verbose install initial load of /Users/rwholey/rw-grunt-release-test/package.json
5 warn package.json rw-grunt-release-test@1.0.3 No description
6 warn package.json rw-grunt-release-test@1.0.3 No README data
7 verbose installManyTop reading scoped package data from /Users/rwholey/rw-grunt-release-test/node_modules/grunt/package.json
8 verbose installManyTop reading scoped package data from /Users/rwholey/rw-grunt-release-test/node_modules/grunt-git/package.json
9 verbose installManyTop reading scoped package data from /Users/rwholey/rw-grunt-release-test/node_modules/grunt-git-selective-deploy/package.json
10 verbose installManyTop reading scoped package data from /Users/rwholey/rw-grunt-release-test/node_modules/grunt-release/package.json
11 verbose installManyTop reading scoped package data from /Users/rwholey/rw-grunt-release-test/node_modules/grunt-shell/package.json
12 verbose installManyTop reading scoped package data from /Users/rwholey/rw-grunt-release-test/node_modules/load-grunt-tasks/package.json
13 verbose installManyTop reading scoped package data from /Users/rwholey/rw-grunt-release-test/node_modules/shelljs/package.json
14 info package.json grunt-git@1.0.0 No license field.
15 info package.json grunt-git-selective-deploy@0.4.1 No license field.
16 verbose readDependencies loading dependencies from /Users/rwholey/rw-grunt-release-test/package.json
17 silly cache add args [ 'https://git@github.com/X1011/git-directory-deploy.git',
17 silly cache add   null ]
18 verbose cache add spec https://git@github.com/X1011/git-directory-deploy.git
19 silly cache add parsed spec Result {
19 silly cache add   raw: 'https://git@github.com/X1011/git-directory-deploy.git',
19 silly cache add   scope: null,
19 silly cache add   name: null,
19 silly cache add   rawSpec: 'https://git@github.com/X1011/git-directory-deploy.git',
19 silly cache add   spec: 'git+https://git@github.com/X1011/git-directory-deploy.git',
19 silly cache add   type: 'hosted',
19 silly cache add   hosted:
19 silly cache add    { type: 'github',
19 silly cache add      ssh: 'git@github.com:X1011/git-directory-deploy.git',
19 silly cache add      sshUrl: 'git+ssh://git@github.com/X1011/git-directory-deploy.git',
19 silly cache add      httpsUrl: 'git+https://git@github.com/X1011/git-directory-deploy.git',
19 silly cache add      gitUrl: 'git://git@github.com/X1011/git-directory-deploy.git',
19 silly cache add      shortcut: 'github:X1011/git-directory-deploy',
19 silly cache add      directUrl: 'https://git@raw.githubusercontent.com/X1011/git-directory-deploy/master/package.json' } }
20 verbose addRemoteGit caching https://git@github.com/X1011/git-directory-deploy.git
21 verbose addRemoteGit git+https://git@github.com/X1011/git-directory-deploy.git is a repository hosted by github
22 silly tryClone cloning git+https://git@github.com/X1011/git-directory-deploy.git via git+https://git@github.com/X1011/git-directory-deploy.git
23 verbose tryClone https-git-github-com-X1011-git-directory-deploy-git-75d48adb not in flight; caching
24 verbose correctMkdir /Users/rwholey/.npm/_git-remotes correctMkdir not in flight; initializing
25 verbose makeDirectory /Users/rwholey/.npm/_git-remotes creation not in flight; initializing
26 silly makeDirectory /Users/rwholey/.npm/_git-remotes uid: 502 gid: 20
27 info git [ 'clone',
27 info git   '--template=/Users/rwholey/.npm/_git-remotes/_templates',
27 info git   '--mirror',
27 info git   'https://git@github.com/X1011/git-directory-deploy.git',
27 info git   '/Users/rwholey/.npm/_git-remotes/https-git-github-com-X1011-git-directory-deploy-git-75d48adb' ]
28 verbose mirrorRemote git+https://git@github.com/X1011/git-directory-deploy.git git clone https://git@github.com/X1011/git-directory-deploy.git
29 verbose correctMkdir /Users/rwholey/.npm/_git-remotes correctMkdir not in flight; initializing
30 verbose setPermissions git+https://git@github.com/X1011/git-directory-deploy.git set permissions on /Users/rwholey/.npm/_git-remotes/https-git-github-com-X1011-git-directory-deploy-git-75d48adb
31 verbose resolveHead git+https://git@github.com/X1011/git-directory-deploy.git original treeish: master
32 info git [ 'rev-list', '-n1', 'master' ]
33 silly resolveHead git+https://git@github.com/X1011/git-directory-deploy.git resolved treeish: e37ac94cda4bfc5773c0f01d89d8c875a21ab4f9
34 verbose resolveHead git+https://git@github.com/X1011/git-directory-deploy.git resolved Git URL: git+https://git@github.com/X1011/git-directory-deploy.git#e37ac94cda4bfc5773c0f01d89d8c875a21ab4f9
35 silly resolveHead Git working directory: /var/folders/r3/z3cv6y15163g426j5bjp4qxm0000gp/T/npm-75714-f3e3695b/git-cache-96cd8b353cfc/e37ac94cda4bfc5773c0f01d89d8c875a21ab4f9
36 info git [ 'clone',
36 info git   '/Users/rwholey/.npm/_git-remotes/https-git-github-com-X1011-git-directory-deploy-git-75d48adb',
36 info git   '/var/folders/r3/z3cv6y15163g426j5bjp4qxm0000gp/T/npm-75714-f3e3695b/git-cache-96cd8b353cfc/e37ac94cda4bfc5773c0f01d89d8c875a21ab4f9' ]
37 verbose cloneResolved git+https://git@github.com/X1011/git-directory-deploy.git clone Cloning into '/var/folders/r3/z3cv6y15163g426j5bjp4qxm0000gp/T/npm-75714-f3e3695b/git-cache-96cd8b353cfc/e37ac94cda4bfc5773c0f01d89d8c875a21ab4f9'...
37 verbose cloneResolved done.
38 info git [ 'checkout', 'e37ac94cda4bfc5773c0f01d89d8c875a21ab4f9' ]
39 verbose checkoutTreeish git+https://git@github.com/X1011/git-directory-deploy.git checkout Note: checking out 'e37ac94cda4bfc5773c0f01d89d8c875a21ab4f9'.
39 verbose checkoutTreeish
39 verbose checkoutTreeish You are in 'detached HEAD' state. You can look around, make experimental
39 verbose checkoutTreeish changes and commit them, and you can discard any commits you make in this
39 verbose checkoutTreeish state without impacting any branches by performing another checkout.
39 verbose checkoutTreeish
39 verbose checkoutTreeish If you want to create a new branch to retain commits you create, you may
39 verbose checkoutTreeish do so (now or later) by using -b with the checkout command again. Example:
39 verbose checkoutTreeish
39 verbose checkoutTreeish   git checkout -b <new-branch-name>
39 verbose checkoutTreeish
39 verbose checkoutTreeish HEAD is now at e37ac94... Merge branch 'dev-docs'
40 error addLocal Could not install /var/folders/r3/z3cv6y15163g426j5bjp4qxm0000gp/T/npm-75714-f3e3695b/git-cache-96cd8b353cfc/e37ac94cda4bfc5773c0f01d89d8c875a21ab4f9
41 verbose stack Error: EISDIR: illegal operation on a directory, read
41 verbose stack     at Error (native)
42 verbose cwd /Users/rwholey/rw-grunt-release-test
43 error Darwin 15.2.0
44 error argv "/Users/rwholey/.nvm/versions/node/v4.4.3/bin/node" "/Users/rwholey/.nvm/versions/node/v4.4.3/bin/npm" "install" "https://git@github.com/X1011/git-directory-deploy.git" "--save-dev"
45 error node v4.4.3
46 error npm  v2.15.1
47 error code EISDIR
48 error errno -21
49 error syscall read
50 error eisdir EISDIR: illegal operation on a directory, read
50 error eisdir This is most likely not a problem with npm itself
50 error eisdir and is related to npm not being able to find a package.json in
50 error eisdir a package you are trying to install.
51 verbose exit [ -21, true ]
